SF:lib/src/deferred_widget.dart
DA:63,2
DA:99,6
DA:100,4
DA:106,2
DA:107,10
DA:108,4
DA:109,3
DA:111,2
DA:114,4
DA:128,2
DA:129,4
DA:135,2
DA:136,4
DA:142,2
DA:144,4
DA:145,4
DA:148,2
DA:149,2
DA:157,2
DA:159,2
DA:160,2
DA:163,1
DA:165,1
DA:166,4
DA:167,1
DA:171,2
DA:173,6
DA:174,2
DA:175,1
DA:176,1
DA:177,4
DA:182,4
DA:183,2
DA:184,2
DA:187,10
DA:188,2
DA:189,4
DA:190,2
DA:191,8
DA:194,3
DA:195,1
DA:196,2
DA:197,1
DA:198,1
DA:204,2
DA:206,2
DA:207,5
DA:208,3
DA:211,2
DA:212,4
DA:215,2
DA:216,4
DA:217,2
DA:227,1
DA:229,2
DA:246,1
DA:251,1
DA:253,1
DA:254,1
DA:255,1
DA:257,1
DA:259,1
DA:260,2
DA:262,1
DA:264,2
DA:268,1
DA:270,2
DA:271,2
DA:275,1
DA:276,1
LF:70
LH:70
end_of_record
SF:lib/src/deferred_route.dart
DA:41,1
DA:81,2
DA:82,1
DA:83,1
DA:84,1
DA:85,1
DA:86,1
DA:98,3
DA:101,3
DA:111,1
DA:112,5
LF:11
LH:11
end_of_record
